Analysis & Synthesis report for Traffic_Light_System
Mon Nov 21 22:24:10 2022
Quartus Prime Version 16.1.0 Build 196 10/24/2016 SJ Lite Edition


---------------------
; Table of Contents ;
---------------------
  1. Legal Notice
  2. Analysis & Synthesis Summary
  3. Analysis & Synthesis Settings
  4. Parallel Compilation
  5. Analysis & Synthesis Source Files Read
  6. Analysis & Synthesis Resource Usage Summary
  7. Analysis & Synthesis Resource Utilization by Entity
  8. State Machine - |Traffic_Light_System|moore_machine:u_moore|state
  9. User-Specified and Inferred Latches
 10. General Register Statistics
 11. Inverted Register Statistics
 12. Multiplexer Restructuring Statistics (Restructuring Performed)
 13. Parameter Settings for User Entity Instance: moore_machine:u_moore
 14. Post-Synthesis Netlist Statistics for Top Partition
 15. Elapsed Time Per Partition
 16. Analysis & Synthesis Messages



----------------
; Legal Notice ;
----------------
Copyright (C) 2016  Intel Corporation. All rights reserved.
Your use of Intel Corporation's design tools, logic functions 
and other software and tools, and its AMPP partner logic 
functions, and any output files from any of the foregoing 
(including device programming or simulation files), and any 
associated documentation or information are expressly subject 
to the terms and conditions of the Intel Program License 
Subscription Agreement, the Intel Quartus Prime License Agreement,
the Intel MegaCore Function License Agreement, or other 
applicable license agreement, including, without limitation, 
that your use is for the sole purpose of programming logic 
devices manufactured by Intel and sold by Intel or its 
authorized distributors.  Please refer to the applicable 
agreement for further details.



+-------------------------------------------------------------------------------+
; Analysis & Synthesis Summary                                                  ;
+---------------------------------+---------------------------------------------+
; Analysis & Synthesis Status     ; Successful - Mon Nov 21 22:24:10 2022       ;
; Quartus Prime Version           ; 16.1.0 Build 196 10/24/2016 SJ Lite Edition ;
; Revision Name                   ; Traffic_Light_System                        ;
; Top-level Entity Name           ; Traffic_Light_System                        ;
; Family                          ; Cyclone V                                   ;
; Logic utilization (in ALMs)     ; N/A                                         ;
; Total registers                 ; 92                                          ;
; Total pins                      ; 25                                          ;
; Total virtual pins              ; 0                                           ;
; Total block memory bits         ; 0                                           ;
; Total DSP Blocks                ; 0                                           ;
; Total HSSI RX PCSs              ; 0                                           ;
; Total HSSI PMA RX Deserializers ; 0                                           ;
; Total HSSI TX PCSs              ; 0                                           ;
; Total HSSI PMA TX Serializers   ; 0                                           ;
; Total PLLs                      ; 0                                           ;
; Total DLLs                      ; 0                                           ;
+---------------------------------+---------------------------------------------+


+-------------------------------------------------------------------------------------------------------------------------------+
; Analysis & Synthesis Settings                                                                                                 ;
+---------------------------------------------------------------------------------+----------------------+----------------------+
; Option                                                                          ; Setting              ; Default Value        ;
+---------------------------------------------------------------------------------+----------------------+----------------------+
; Device                                                                          ; 5CEFA4F23C7          ;                      ;
; Top-level entity name                                                           ; Traffic_Light_System ; Traffic_Light_System ;
; Family name                                                                     ; Cyclone V            ; Cyclone V            ;
; Use smart compilation                                                           ; Off                  ; Off                  ;
; Enable parallel Assembler and TimeQuest Timing Analyzer during compilation      ; On                   ; On                   ;
; Enable compact report table                                                     ; Off                  ; Off                  ;
; Restructure Multiplexers                                                        ; Auto                 ; Auto                 ;
; MLAB Add Timing Constraints For Mixed-Port Feed-Through Mode Setting Don't Care ; Off                  ; Off                  ;
; Create Debugging Nodes for IP Cores                                             ; Off                  ; Off                  ;
; Preserve fewer node names                                                       ; On                   ; On                   ;
; OpenCore Plus hardware evaluation                                               ; Enable               ; Enable               ;
; Verilog Version                                                                 ; Verilog_2001         ; Verilog_2001         ;
; VHDL Version                                                                    ; VHDL_1993            ; VHDL_1993            ;
; State Machine Processing                                                        ; Auto                 ; Auto                 ;
; Safe State Machine                                                              ; Off                  ; Off                  ;
; Extract Verilog State Machines                                                  ; On                   ; On                   ;
; Extract VHDL State Machines                                                     ; On                   ; On                   ;
; Ignore Verilog initial constructs                                               ; Off                  ; Off                  ;
; Iteration limit for constant Verilog loops                                      ; 5000                 ; 5000                 ;
; Iteration limit for non-constant Verilog loops                                  ; 250                  ; 250                  ;
; Add Pass-Through Logic to Inferred RAMs                                         ; On                   ; On                   ;
; Infer RAMs from Raw Logic                                                       ; On                   ; On                   ;
; Parallel Synthesis                                                              ; On                   ; On                   ;
; DSP Block Balancing                                                             ; Auto                 ; Auto                 ;
; NOT Gate Push-Back                                                              ; On                   ; On                   ;
; Power-Up Don't Care                                                             ; On                   ; On                   ;
; Remove Redundant Logic Cells                                                    ; Off                  ; Off                  ;
; Remove Duplicate Registers                                                      ; On                   ; On                   ;
; Ignore CARRY Buffers                                                            ; Off                  ; Off                  ;
; Ignore CASCADE Buffers                                                          ; Off                  ; Off                  ;
; Ignore GLOBAL Buffers                                                           ; Off                  ; Off                  ;
; Ignore ROW GLOBAL Buffers                                                       ; Off                  ; Off                  ;
; Ignore LCELL Buffers                                                            ; Off                  ; Off                  ;
; Ignore SOFT Buffers                                                             ; On                   ; On                   ;
; Limit AHDL Integers to 32 Bits                                                  ; Off                  ; Off                  ;
; Optimization Technique                                                          ; Balanced             ; Balanced             ;
; Carry Chain Length                                                              ; 70                   ; 70                   ;
; Auto Carry Chains                                                               ; On                   ; On                   ;
; Auto Open-Drain Pins                                                            ; On                   ; On                   ;
; Perform WYSIWYG Primitive Resynthesis                                           ; Off                  ; Off                  ;
; Auto ROM Replacement                                                            ; On                   ; On                   ;
; Auto RAM Replacement                                                            ; On                   ; On                   ;
; Auto DSP Block Replacement                                                      ; On                   ; On                   ;
; Auto Shift Register Replacement                                                 ; Auto                 ; Auto                 ;
; Allow Shift Register Merging across Hierarchies                                 ; Auto                 ; Auto                 ;
; Auto Clock Enable Replacement                                                   ; On                   ; On                   ;
; Strict RAM Replacement                                                          ; Off                  ; Off                  ;
; Allow Synchronous Control Signals                                               ; On                   ; On                   ;
; Force Use of Synchronous Clear Signals                                          ; Off                  ; Off                  ;
; Auto Resource Sharing                                                           ; Off                  ; Off                  ;
; Allow Any RAM Size For Recognition                                              ; Off                  ; Off                  ;
; Allow Any ROM Size For Recognition                                              ; Off                  ; Off                  ;
; Allow Any Shift Register Size For Recognition                                   ; Off                  ; Off                  ;
; Use LogicLock Constraints during Resource Balancing                             ; On                   ; On                   ;
; Ignore translate_off and synthesis_off directives                               ; Off                  ; Off                  ;
; Timing-Driven Synthesis                                                         ; On                   ; On                   ;
; Report Parameter Settings                                                       ; On                   ; On                   ;
; Report Source Assignments                                                       ; On                   ; On                   ;
; Report Connectivity Checks                                                      ; On                   ; On                   ;
; Ignore Maximum Fan-Out Assignments                                              ; Off                  ; Off                  ;
; Synchronization Register Chain Length                                           ; 3                    ; 3                    ;
; PowerPlay Power Optimization During Synthesis                                   ; Normal compilation   ; Normal compilation   ;
; HDL message level                                                               ; Level2               ; Level2               ;
; Suppress Register Optimization Related Messages                                 ; Off                  ; Off                  ;
; Number of Removed Registers Reported in Synthesis Report                        ; 5000                 ; 5000                 ;
; Number of Swept Nodes Reported in Synthesis Report                              ; 5000                 ; 5000                 ;
; Number of Inverted Registers Reported in Synthesis Report                       ; 100                  ; 100                  ;
; Clock MUX Protection                                                            ; On                   ; On                   ;
; Auto Gated Clock Conversion                                                     ; Off                  ; Off                  ;
; Block Design Naming                                                             ; Auto                 ; Auto                 ;
; SDC constraint protection                                                       ; Off                  ; Off                  ;
; Synthesis Effort                                                                ; Auto                 ; Auto                 ;
; Shift Register Replacement - Allow Asynchronous Clear Signal                    ; On                   ; On                   ;
; Pre-Mapping Resynthesis Optimization                                            ; Off                  ; Off                  ;
; Analysis & Synthesis Message Level                                              ; Medium               ; Medium               ;
; Disable Register Merging Across Hierarchies                                     ; Auto                 ; Auto                 ;
; Resource Aware Inference For Block RAM                                          ; On                   ; On                   ;
; Automatic Parallel Synthesis                                                    ; On                   ; On                   ;
; Partial Reconfiguration Bitstream ID                                            ; Off                  ; Off                  ;
+---------------------------------------------------------------------------------+----------------------+----------------------+


+------------------------------------------+
; Parallel Compilation                     ;
+----------------------------+-------------+
; Processors                 ; Number      ;
+----------------------------+-------------+
; Number detected on machine ; 16          ;
; Maximum allowed            ; 8           ;
;                            ;             ;
; Average used               ; 1.00        ;
; Maximum used               ; 8           ;
;                            ;             ;
; Usage by Processor         ; % Time Used ;
;     Processor 1            ; 100.0%      ;
;     Processors 2-8         ;   0.0%      ;
+----------------------------+-------------+


+----------------------------------------------------------------------------------------------------------------------------------------------------------------+
; Analysis & Synthesis Source Files Read                                                                                                                         ;
+----------------------------------+-----------------+------------------------+------------------------------------------------------------------------+---------+
; File Name with User-Entered Path ; Used in Netlist ; File Type              ; File Name with Absolute Path                                           ; Library ;
+----------------------------------+-----------------+------------------------+------------------------------------------------------------------------+---------+
; Traffic_Light_System.v           ; yes             ; User Verilog HDL File  ; C:/Users/user/Downloads/Traffic_Light_System_v2/Traffic_Light_System.v ;         ;
; SevenDisplay.v                   ; yes             ; User Verilog HDL File  ; C:/Users/user/Downloads/Traffic_Light_System_v2/SevenDisplay.v         ;         ;
; moore_machine.v                  ; yes             ; User Verilog HDL File  ; C:/Users/user/Downloads/Traffic_Light_System_v2/moore_machine.v        ;         ;
; FrequencyDivider_s.v             ; yes             ; User Verilog HDL File  ; C:/Users/user/Downloads/Traffic_Light_System_v2/FrequencyDivider_s.v   ;         ;
; FrequencyDivider_m.v             ; yes             ; User Verilog HDL File  ; C:/Users/user/Downloads/Traffic_Light_System_v2/FrequencyDivider_m.v   ;         ;
; Dot_matrix_display.v             ; yes             ; User Verilog HDL File  ; C:/Users/user/Downloads/Traffic_Light_System_v2/Dot_matrix_display.v   ;         ;
+----------------------------------+-----------------+------------------------+------------------------------------------------------------------------+---------+


+---------------------------------------------------------+
; Analysis & Synthesis Resource Usage Summary             ;
+---------------------------------------------+-----------+
; Resource                                    ; Usage     ;
+---------------------------------------------+-----------+
; Estimate of Logic utilization (ALMs needed) ; 76        ;
;                                             ;           ;
; Combinational ALUT usage for logic          ; 126       ;
;     -- 7 input functions                    ; 0         ;
;     -- 6 input functions                    ; 26        ;
;     -- 5 input functions                    ; 5         ;
;     -- 4 input functions                    ; 4         ;
;     -- <=3 input functions                  ; 91        ;
;                                             ;           ;
; Dedicated logic registers                   ; 92        ;
;                                             ;           ;
; I/O pins                                    ; 25        ;
;                                             ;           ;
; Total DSP Blocks                            ; 0         ;
;                                             ;           ;
; Maximum fan-out node                        ; rst~input ;
; Maximum fan-out                             ; 73        ;
; Total fan-out                               ; 784       ;
; Average fan-out                             ; 2.93      ;
+---------------------------------------------+-----------+


+-----------------------------------------------------------------------------------------------------------------------------------------------------------------------------------------------------------------------------------------------------+
; Analysis & Synthesis Resource Utilization by Entity                                                                                                                                                                                                 ;
+------------------------------------------+---------------------+---------------------------+-------------------+------------+------+--------------+-----------------------------------------------------------+----------------------+--------------+
; Compilation Hierarchy Node               ; Combinational ALUTs ; Dedicated Logic Registers ; Block Memory Bits ; DSP Blocks ; Pins ; Virtual Pins ; Full Hierarchy Name                                       ; Entity Name          ; Library Name ;
+------------------------------------------+---------------------+---------------------------+-------------------+------------+------+--------------+-----------------------------------------------------------+----------------------+--------------+
; |Traffic_Light_System                    ; 126 (0)             ; 92 (0)                    ; 0                 ; 0          ; 25   ; 0            ; |Traffic_Light_System                                     ; Traffic_Light_System ; work         ;
;    |Dot_matrix_display:u_matrix_display| ; 20 (20)             ; 19 (19)                   ; 0                 ; 0          ; 0    ; 0            ; |Traffic_Light_System|Dot_matrix_display:u_matrix_display ; Dot_matrix_display   ; work         ;
;    |FrequencyDivider_m:u_Frediv_m|       ; 40 (40)             ; 33 (33)                   ; 0                 ; 0          ; 0    ; 0            ; |Traffic_Light_System|FrequencyDivider_m:u_Frediv_m       ; FrequencyDivider_m   ; work         ;
;    |FrequencyDivider_s:u_Frediv_s|       ; 40 (40)             ; 33 (33)                   ; 0                 ; 0          ; 0    ; 0            ; |Traffic_Light_System|FrequencyDivider_s:u_Frediv_s       ; FrequencyDivider_s   ; work         ;
;    |SevenDisplay:u_sevendisplay|         ; 15 (15)             ; 0 (0)                     ; 0                 ; 0          ; 0    ; 0            ; |Traffic_Light_System|SevenDisplay:u_sevendisplay         ; SevenDisplay         ; work         ;
;    |moore_machine:u_moore|               ; 11 (11)             ; 7 (7)                     ; 0                 ; 0          ; 0    ; 0            ; |Traffic_Light_System|moore_machine:u_moore               ; moore_machine        ; work         ;
+------------------------------------------+---------------------+---------------------------+-------------------+------------+------+--------------+-----------------------------------------------------------+----------------------+--------------+
Note: For table entries with two numbers listed, the numbers in parentheses indicate the number of resources of the given type used by the specific entity alone. The numbers listed outside of parentheses indicate the total resources of the given type used by the specific entity and all of its sub-entities in the hierarchy.


Encoding Type:  One-Hot
+-------------------------------------------------------------------+
; State Machine - |Traffic_Light_System|moore_machine:u_moore|state ;
+----------+----------+----------+----------------------------------+
; Name     ; state.s0 ; state.s2 ; state.s1                         ;
+----------+----------+----------+----------------------------------+
; state.s0 ; 0        ; 0        ; 0                                ;
; state.s1 ; 1        ; 0        ; 1                                ;
; state.s2 ; 1        ; 1        ; 0                                ;
+----------+----------+----------+----------------------------------+


+------------------------------------------------------------------------------------------------------------------+
; User-Specified and Inferred Latches                                                                              ;
+-----------------------------------------------------+-----------------------------------+------------------------+
; Latch Name                                          ; Latch Enable Signal               ; Free of Timing Hazards ;
+-----------------------------------------------------+-----------------------------------+------------------------+
; SevenDisplay:u_sevendisplay|out[0]                  ; SevenDisplay:u_sevendisplay|Mux22 ; yes                    ;
; SevenDisplay:u_sevendisplay|out[1]                  ; SevenDisplay:u_sevendisplay|Mux22 ; yes                    ;
; SevenDisplay:u_sevendisplay|out[2]                  ; SevenDisplay:u_sevendisplay|Mux22 ; yes                    ;
; SevenDisplay:u_sevendisplay|out[3]                  ; SevenDisplay:u_sevendisplay|Mux22 ; yes                    ;
; SevenDisplay:u_sevendisplay|out[4]                  ; SevenDisplay:u_sevendisplay|Mux22 ; yes                    ;
; SevenDisplay:u_sevendisplay|out[5]                  ; SevenDisplay:u_sevendisplay|Mux22 ; yes                    ;
; SevenDisplay:u_sevendisplay|out[6]                  ; SevenDisplay:u_sevendisplay|Mux22 ; yes                    ;
; moore_machine:u_moore|tmp[0]                        ; moore_machine:u_moore|Equal0      ; yes                    ;
; moore_machine:u_moore|tmp[1]                        ; moore_machine:u_moore|Equal0      ; yes                    ;
; moore_machine:u_moore|nextstate.s2_143              ; moore_machine:u_moore|Equal0      ; yes                    ;
; moore_machine:u_moore|nextstate.s0_165              ; moore_machine:u_moore|Equal0      ; yes                    ;
; moore_machine:u_moore|nextstate.s1_154              ; moore_machine:u_moore|Equal0      ; yes                    ;
; Number of user-specified and inferred latches = 12  ;                                   ;                        ;
+-----------------------------------------------------+-----------------------------------+------------------------+
Note: All latches listed above may not be present at the end of synthesis due to various synthesis optimizations.


+------------------------------------------------------+
; General Register Statistics                          ;
+----------------------------------------------+-------+
; Statistic                                    ; Value ;
+----------------------------------------------+-------+
; Total registers                              ; 92    ;
; Number of registers using Synchronous Clear  ; 66    ;
; Number of registers using Synchronous Load   ; 0     ;
; Number of registers using Asynchronous Clear ; 73    ;
; Number of registers using Asynchronous Load  ; 0     ;
; Number of registers using Clock Enable       ; 18    ;
; Number of registers using Preset             ; 0     ;
+----------------------------------------------+-------+


+--------------------------------------------------+
; Inverted Register Statistics                     ;
+----------------------------------------+---------+
; Inverted Register                      ; Fan out ;
+----------------------------------------+---------+
; moore_machine:u_moore|count[1]         ; 13      ;
; moore_machine:u_moore|count[0]         ; 13      ;
; moore_machine:u_moore|count[2]         ; 13      ;
; moore_machine:u_moore|count[3]         ; 13      ;
; Total number of inverted registers = 4 ;         ;
+----------------------------------------+---------+


+------------------------------------------------------------------------------------------------------------------------------------------------------------------------------------+
; Multiplexer Restructuring Statistics (Restructuring Performed)                                                                                                                     ;
+--------------------+-----------+---------------+----------------------+------------------------+------------+----------------------------------------------------------------------+
; Multiplexer Inputs ; Bus Width ; Baseline Area ; Area if Restructured ; Saving if Restructured ; Registered ; Example Multiplexer Output                                           ;
+--------------------+-----------+---------------+----------------------+------------------------+------------+----------------------------------------------------------------------+
; 4:1                ; 2 bits    ; 4 LEs         ; 4 LEs                ; 0 LEs                  ; Yes        ; |Traffic_Light_System|Dot_matrix_display:u_matrix_display|dot_col[7] ;
; 4:1                ; 2 bits    ; 4 LEs         ; 2 LEs                ; 2 LEs                  ; Yes        ; |Traffic_Light_System|Dot_matrix_display:u_matrix_display|dot_col[6] ;
; 11:1               ; 2 bits    ; 14 LEs        ; 10 LEs               ; 4 LEs                  ; Yes        ; |Traffic_Light_System|Dot_matrix_display:u_matrix_display|dot_col[2] ;
; 6:1                ; 4 bits    ; 16 LEs        ; 4 LEs                ; 12 LEs                 ; Yes        ; |Traffic_Light_System|moore_machine:u_moore|count[3]                 ;
; 13:1               ; 2 bits    ; 16 LEs        ; 16 LEs               ; 0 LEs                  ; No         ; |Traffic_Light_System|SevenDisplay:u_sevendisplay|Mux1               ;
; 18:1               ; 5 bits    ; 60 LEs        ; 55 LEs               ; 5 LEs                  ; No         ; |Traffic_Light_System|SevenDisplay:u_sevendisplay|Mux2               ;
+--------------------+-----------+---------------+----------------------+------------------------+------------+----------------------------------------------------------------------+


+--------------------------------------------------------------------+
; Parameter Settings for User Entity Instance: moore_machine:u_moore ;
+----------------+-------+-------------------------------------------+
; Parameter Name ; Value ; Type                                      ;
+----------------+-------+-------------------------------------------+
; s0             ; 00    ; Unsigned Binary                           ;
; s1             ; 01    ; Unsigned Binary                           ;
; s2             ; 10    ; Unsigned Binary                           ;
+----------------+-------+-------------------------------------------+
Note: In order to hide this table in the UI and the text report file, please set the "Show Parameter Settings in Synthesis Report" option in "Analysis and Synthesis Settings -> More Settings" to "Off".


+-----------------------------------------------------+
; Post-Synthesis Netlist Statistics for Top Partition ;
+-----------------------+-----------------------------+
; Type                  ; Count                       ;
+-----------------------+-----------------------------+
; arriav_ff             ; 92                          ;
;     CLR               ; 6                           ;
;     CLR SCLR          ; 64                          ;
;     ENA               ; 13                          ;
;     ENA CLR           ; 3                           ;
;     ENA SCLR          ; 2                           ;
;     plain             ; 4                           ;
; arriav_lcell_comb     ; 126                         ;
;     arith             ; 64                          ;
;         1 data inputs ; 64                          ;
;     normal            ; 62                          ;
;         1 data inputs ; 2                           ;
;         2 data inputs ; 5                           ;
;         3 data inputs ; 20                          ;
;         4 data inputs ; 4                           ;
;         5 data inputs ; 5                           ;
;         6 data inputs ; 26                          ;
; boundary_port         ; 25                          ;
;                       ;                             ;
; Max LUT depth         ; 4.10                        ;
; Average LUT depth     ; 2.62                        ;
+-----------------------+-----------------------------+


+-------------------------------+
; Elapsed Time Per Partition    ;
+----------------+--------------+
; Partition Name ; Elapsed Time ;
+----------------+--------------+
; Top            ; 00:00:00     ;
+----------------+--------------+


+-------------------------------+
; Analysis & Synthesis Messages ;
+-------------------------------+
Info: *******************************************************************
Info: Running Quartus Prime Analysis & Synthesis
    Info: Version 16.1.0 Build 196 10/24/2016 SJ Lite Edition
    Info: Processing started: Mon Nov 21 22:24:03 2022
Info: Command: quartus_map --read_settings_files=on --write_settings_files=off Traffic_Light_System -c Traffic_Light_System
Warning (18236): Number of processors has not been specified which may cause overloading on shared machines.  Set the global assignment NUM_PARALLEL_PROCESSORS in your QSF to an appropriate value for best performance.
Info (20030): Parallel compilation is enabled and will use 8 of the 8 processors detected
Info (12021): Found 1 design units, including 1 entities, in source file traffic_light_system.v
    Info (12023): Found entity 1: Traffic_Light_System File: C:/Users/user/Downloads/Traffic_Light_System_v2/Traffic_Light_System.v Line: 1
Info (12021): Found 1 design units, including 1 entities, in source file sevendisplay.v
    Info (12023): Found entity 1: SevenDisplay File: C:/Users/user/Downloads/Traffic_Light_System_v2/SevenDisplay.v Line: 1
Info (12021): Found 1 design units, including 1 entities, in source file moore_machine.v
    Info (12023): Found entity 1: moore_machine File: C:/Users/user/Downloads/Traffic_Light_System_v2/moore_machine.v Line: 1
Info (12021): Found 1 design units, including 1 entities, in source file frequencydivider_s.v
    Info (12023): Found entity 1: FrequencyDivider_s File: C:/Users/user/Downloads/Traffic_Light_System_v2/FrequencyDivider_s.v Line: 3
Warning (10274): Verilog HDL macro warning at FrequencyDivider_m.v(2): overriding existing definition for macro "TimeExpire", which was defined in "FrequencyDivider_s.v", line 2 File: C:/Users/user/Downloads/Traffic_Light_System_v2/FrequencyDivider_m.v Line: 2
Info (12021): Found 1 design units, including 1 entities, in source file frequencydivider_m.v
    Info (12023): Found entity 1: FrequencyDivider_m File: C:/Users/user/Downloads/Traffic_Light_System_v2/FrequencyDivider_m.v Line: 3
Info (12021): Found 1 design units, including 1 entities, in source file dot_matrix_display.v
    Info (12023): Found entity 1: Dot_matrix_display File: C:/Users/user/Downloads/Traffic_Light_System_v2/Dot_matrix_display.v Line: 1
Info (12127): Elaborating entity "Traffic_Light_System" for the top level hierarchy
Info (12128): Elaborating entity "FrequencyDivider_m" for hierarchy "FrequencyDivider_m:u_Frediv_m" File: C:/Users/user/Downloads/Traffic_Light_System_v2/Traffic_Light_System.v Line: 11
Info (12128): Elaborating entity "FrequencyDivider_s" for hierarchy "FrequencyDivider_s:u_Frediv_s" File: C:/Users/user/Downloads/Traffic_Light_System_v2/Traffic_Light_System.v Line: 13
Info (12128): Elaborating entity "moore_machine" for hierarchy "moore_machine:u_moore" File: C:/Users/user/Downloads/Traffic_Light_System_v2/Traffic_Light_System.v Line: 15
Warning (10235): Verilog HDL Always Construct warning at moore_machine.v(53): variable "state" is read inside the Always Construct but isn't in the Always Construct's Event Control File: C:/Users/user/Downloads/Traffic_Light_System_v2/moore_machine.v Line: 53
Warning (10240): Verilog HDL Always Construct warning at moore_machine.v(51): inferring latch(es) for variable "nextstate", which holds its previous value in one or more paths through the always construct File: C:/Users/user/Downloads/Traffic_Light_System_v2/moore_machine.v Line: 51
Warning (10240): Verilog HDL Always Construct warning at moore_machine.v(51): inferring latch(es) for variable "tmp", which holds its previous value in one or more paths through the always construct File: C:/Users/user/Downloads/Traffic_Light_System_v2/moore_machine.v Line: 51
Info (10041): Inferred latch for "tmp[0]" at moore_machine.v(51) File: C:/Users/user/Downloads/Traffic_Light_System_v2/moore_machine.v Line: 51
Info (10041): Inferred latch for "tmp[1]" at moore_machine.v(51) File: C:/Users/user/Downloads/Traffic_Light_System_v2/moore_machine.v Line: 51
Info (10041): Inferred latch for "nextstate.s2" at moore_machine.v(51) File: C:/Users/user/Downloads/Traffic_Light_System_v2/moore_machine.v Line: 51
Info (10041): Inferred latch for "nextstate.s1" at moore_machine.v(51) File: C:/Users/user/Downloads/Traffic_Light_System_v2/moore_machine.v Line: 51
Info (10041): Inferred latch for "nextstate.s0" at moore_machine.v(51) File: C:/Users/user/Downloads/Traffic_Light_System_v2/moore_machine.v Line: 51
Info (12128): Elaborating entity "SevenDisplay" for hierarchy "SevenDisplay:u_sevendisplay" File: C:/Users/user/Downloads/Traffic_Light_System_v2/Traffic_Light_System.v Line: 17
Warning (10235): Verilog HDL Always Construct warning at SevenDisplay.v(11): variable "state" is read inside the Always Construct but isn't in the Always Construct's Event Control File: C:/Users/user/Downloads/Traffic_Light_System_v2/SevenDisplay.v Line: 11
Warning (10270): Verilog HDL Case Statement warning at SevenDisplay.v(34): incomplete case statement has no default case item File: C:/Users/user/Downloads/Traffic_Light_System_v2/SevenDisplay.v Line: 34
Warning (10270): Verilog HDL Case Statement warning at SevenDisplay.v(45): incomplete case statement has no default case item File: C:/Users/user/Downloads/Traffic_Light_System_v2/SevenDisplay.v Line: 45
Warning (10270): Verilog HDL Case Statement warning at SevenDisplay.v(11): incomplete case statement has no default case item File: C:/Users/user/Downloads/Traffic_Light_System_v2/SevenDisplay.v Line: 11
Warning (10240): Verilog HDL Always Construct warning at SevenDisplay.v(9): inferring latch(es) for variable "out", which holds its previous value in one or more paths through the always construct File: C:/Users/user/Downloads/Traffic_Light_System_v2/SevenDisplay.v Line: 9
Info (10041): Inferred latch for "out[0]" at SevenDisplay.v(9) File: C:/Users/user/Downloads/Traffic_Light_System_v2/SevenDisplay.v Line: 9
Info (10041): Inferred latch for "out[1]" at SevenDisplay.v(9) File: C:/Users/user/Downloads/Traffic_Light_System_v2/SevenDisplay.v Line: 9
Info (10041): Inferred latch for "out[2]" at SevenDisplay.v(9) File: C:/Users/user/Downloads/Traffic_Light_System_v2/SevenDisplay.v Line: 9
Info (10041): Inferred latch for "out[3]" at SevenDisplay.v(9) File: C:/Users/user/Downloads/Traffic_Light_System_v2/SevenDisplay.v Line: 9
Info (10041): Inferred latch for "out[4]" at SevenDisplay.v(9) File: C:/Users/user/Downloads/Traffic_Light_System_v2/SevenDisplay.v Line: 9
Info (10041): Inferred latch for "out[5]" at SevenDisplay.v(9) File: C:/Users/user/Downloads/Traffic_Light_System_v2/SevenDisplay.v Line: 9
Info (10041): Inferred latch for "out[6]" at SevenDisplay.v(9) File: C:/Users/user/Downloads/Traffic_Light_System_v2/SevenDisplay.v Line: 9
Info (12128): Elaborating entity "Dot_matrix_display" for hierarchy "Dot_matrix_display:u_matrix_display" File: C:/Users/user/Downloads/Traffic_Light_System_v2/Traffic_Light_System.v Line: 19
Warning (10230): Verilog HDL assignment warning at Dot_matrix_display.v(15): truncated value with size 32 to match size of target (3) File: C:/Users/user/Downloads/Traffic_Light_System_v2/Dot_matrix_display.v Line: 15
Warning (10230): Verilog HDL assignment warning at Dot_matrix_display.v(39): truncated value with size 32 to match size of target (3) File: C:/Users/user/Downloads/Traffic_Light_System_v2/Dot_matrix_display.v Line: 39
Warning (10230): Verilog HDL assignment warning at Dot_matrix_display.v(63): truncated value with size 32 to match size of target (3) File: C:/Users/user/Downloads/Traffic_Light_System_v2/Dot_matrix_display.v Line: 63
Warning (13012): Latch SevenDisplay:u_sevendisplay|out[0] has unsafe behavior File: C:/Users/user/Downloads/Traffic_Light_System_v2/SevenDisplay.v Line: 9
    Warning (13013): Ports D and ENA on the latch are fed by the same signal moore_machine:u_moore|tmp[1] File: C:/Users/user/Downloads/Traffic_Light_System_v2/moore_machine.v Line: 51
Warning (13012): Latch SevenDisplay:u_sevendisplay|out[1] has unsafe behavior File: C:/Users/user/Downloads/Traffic_Light_System_v2/SevenDisplay.v Line: 9
    Warning (13013): Ports D and ENA on the latch are fed by the same signal moore_machine:u_moore|count[0] File: C:/Users/user/Downloads/Traffic_Light_System_v2/moore_machine.v Line: 23
Warning (13012): Latch SevenDisplay:u_sevendisplay|out[2] has unsafe behavior File: C:/Users/user/Downloads/Traffic_Light_System_v2/SevenDisplay.v Line: 9
    Warning (13013): Ports D and ENA on the latch are fed by the same signal moore_machine:u_moore|count[0] File: C:/Users/user/Downloads/Traffic_Light_System_v2/moore_machine.v Line: 23
Warning (13012): Latch SevenDisplay:u_sevendisplay|out[3] has unsafe behavior File: C:/Users/user/Downloads/Traffic_Light_System_v2/SevenDisplay.v Line: 9
    Warning (13013): Ports D and ENA on the latch are fed by the same signal moore_machine:u_moore|tmp[1] File: C:/Users/user/Downloads/Traffic_Light_System_v2/moore_machine.v Line: 51
Warning (13012): Latch SevenDisplay:u_sevendisplay|out[4] has unsafe behavior File: C:/Users/user/Downloads/Traffic_Light_System_v2/SevenDisplay.v Line: 9
    Warning (13013): Ports D and ENA on the latch are fed by the same signal moore_machine:u_moore|count[0] File: C:/Users/user/Downloads/Traffic_Light_System_v2/moore_machine.v Line: 23
Warning (13012): Latch SevenDisplay:u_sevendisplay|out[5] has unsafe behavior File: C:/Users/user/Downloads/Traffic_Light_System_v2/SevenDisplay.v Line: 9
    Warning (13013): Ports D and ENA on the latch are fed by the same signal moore_machine:u_moore|count[0] File: C:/Users/user/Downloads/Traffic_Light_System_v2/moore_machine.v Line: 23
Warning (13012): Latch SevenDisplay:u_sevendisplay|out[6] has unsafe behavior File: C:/Users/user/Downloads/Traffic_Light_System_v2/SevenDisplay.v Line: 9
    Warning (13013): Ports D and ENA on the latch are fed by the same signal moore_machine:u_moore|count[0] File: C:/Users/user/Downloads/Traffic_Light_System_v2/moore_machine.v Line: 23
Info (286030): Timing-Driven Synthesis is running
Info (16010): Generating hard_block partition "hard_block:auto_generated_inst"
    Info (16011): Adding 0 node(s), including 0 DDIO, 0 PLL, 0 transceiver and 0 LCELL
Info (21057): Implemented 153 device resources after synthesis - the final resource count might be different
    Info (21058): Implemented 2 input pins
    Info (21059): Implemented 23 output pins
    Info (21061): Implemented 128 logic cells
Info: Quartus Prime Analysis & Synthesis was successful. 0 errors, 27 warnings
    Info: Peak virtual memory: 4862 megabytes
    Info: Processing ended: Mon Nov 21 22:24:10 2022
    Info: Elapsed time: 00:00:07
    Info: Total CPU time (on all processors): 00:00:17


